Build started 11/12/2015 10:05:23 PM.
     1>Project "c:\Users\CC\documents\visual studio 2013\Projects\CPP Blocky BMP\CPP Blocky BMP\CPP Blocky BMP.vcxproj" on node 2 (Build target(s)).
     1>ClCompile:
         C:\Program Files (x86)\Microsoft Visual Studio 12.0\VC\bin\CL.exe /c /ZI /nologo /W3 /WX- /Od /Oy- /D WIN32 /D _DEBUG /D _CONSOLE /D _LIB /D _UNICODE /D UNICODE /Gm /EHsc /RTC1 /MDd /GS /fp:precise /Zc:wchar_t /Zc:forScope /Fo"Debug\\" /Fd"Debug\vc120.pdb" /Gd /TP /analyze- /errorReport:prompt "CPP Blocky BMP.cpp"
         CPP Blocky BMP.cpp
     1>c:\users\cc\documents\visual studio 2013\projects\cpp blocky bmp\cpp blocky bmp\cpp blocky bmp.cpp(33): warning C4018: '<' : signed/unsigned mismatch
     1>c:\users\cc\documents\visual studio 2013\projects\cpp blocky bmp\cpp blocky bmp\cpp blocky bmp.cpp(39): warning C4244: '=' : conversion from 'double' to 'unsigned int', possible loss of data
     1>c:\users\cc\documents\visual studio 2013\projects\cpp blocky bmp\cpp blocky bmp\cpp blocky bmp.cpp(40): warning C4244: '=' : conversion from 'double' to 'unsigned int', possible loss of data
     1>c:\users\cc\documents\visual studio 2013\projects\cpp blocky bmp\cpp blocky bmp\cpp blocky bmp.cpp(41): warning C4244: '=' : conversion from 'double' to 'unsigned int', possible loss of data
     1>c:\users\cc\documents\visual studio 2013\projects\cpp blocky bmp\cpp blocky bmp\cpp blocky bmp.cpp(112): warning C4244: 'initializing' : conversion from 'double' to 'int', possible loss of data
     1>c:\users\cc\documents\visual studio 2013\projects\cpp blocky bmp\cpp blocky bmp\cpp blocky bmp.cpp(122): warning C4018: '>=' : signed/unsigned mismatch
     1>c:\users\cc\documents\visual studio 2013\projects\cpp blocky bmp\cpp blocky bmp\cpp blocky bmp.cpp(178): warning C4018: '<' : signed/unsigned mismatch
     1>c:\users\cc\documents\visual studio 2013\projects\cpp blocky bmp\cpp blocky bmp\cpp blocky bmp.cpp(219): warning C4244: '=' : conversion from 'double' to 'int', possible loss of data
       Link:
         C:\Program Files (x86)\Microsoft Visual Studio 12.0\VC\bin\link.exe /ERRORREPORT:PROMPT /OUT:"c:\users\cc\documents\visual studio 2013\Projects\CPP Blocky BMP\Debug\CPP Blocky BMP.exe" /INCREMENTAL /NOLOGO kernel32.lib user32.lib gdi32.lib winspool.lib comdlg32.lib advapi32.lib shell32.lib ole32.lib oleaut32.lib uuid.lib odbc32.lib odbccp32.lib /MANIFEST /MANIFESTUAC:"level='asInvoker' uiAccess='false'" /manifest:embed /DEBUG /PDB:"c:\users\cc\documents\visual studio 2013\Projects\CPP Blocky BMP\Debug\CPP Blocky BMP.pdb" /SUBSYSTEM:CONSOLE /TLBID:1 /DYNAMICBASE /NXCOMPAT /IMPLIB:"c:\users\cc\documents\visual studio 2013\Projects\CPP Blocky BMP\Debug\CPP Blocky BMP.lib" /MACHINE:X86 Debug\bmp.obj
         "Debug\CPP Blocky BMP.obj"
         CPP Blocky BMP.vcxproj -> c:\users\cc\documents\visual studio 2013\Projects\CPP Blocky BMP\Debug\CPP Blocky BMP.exe
     1>Done Building Project "c:\Users\CC\documents\visual studio 2013\Projects\CPP Blocky BMP\CPP Blocky BMP\CPP Blocky BMP.vcxproj" (Build target(s)).

Build succeeded.

Time Elapsed 00:00:00.74
