Build started 10/1/2015 10:06:39 PM.
     1>Project "C:\Users\CC\Documents\Visual Studio 2013\Projects\TicTacToe\TicTacToe\TicTacToe.vcxproj" on node 2 (Build target(s)).
     1>ClCompile:
         C:\Program Files (x86)\Microsoft Visual Studio 12.0\VC\bin\CL.exe /c /ZI /nologo /W3 /WX- /Od /Oy- /D WIN32 /D _DEBUG /D _CONSOLE /D _LIB /D _UNICODE /D UNICODE /Gm /EHsc /RTC1 /MDd /GS /fp:precise /Zc:wchar_t /Zc:forScope /Fo"Debug\\" /Fd"Debug\vc120.pdb" /Gd /TP /analyze- /errorReport:prompt TicTacToe.cpp
         TicTacToe.cpp
     1>c:\users\cc\documents\visual studio 2013\projects\tictactoe\tictactoe\tictactoe.cpp(155): warning C4010: single-line comment contains line-continuation character
     1>c:\users\cc\documents\visual studio 2013\projects\tictactoe\tictactoe\tictactoe.cpp(290): warning C4018: '<' : signed/unsigned mismatch
     1>c:\users\cc\documents\visual studio 2013\projects\tictactoe\tictactoe\tictactoe.cpp(298): warning C4018: '<' : signed/unsigned mismatch
     1>c:\users\cc\documents\visual studio 2013\projects\tictactoe\tictactoe\tictactoe.cpp(316): warning C4018: '<' : signed/unsigned mismatch
     1>c:\users\cc\documents\visual studio 2013\projects\tictactoe\tictactoe\tictactoe.cpp(323): warning C4018: '<' : signed/unsigned mismatch
     1>c:\users\cc\documents\visual studio 2013\projects\tictactoe\tictactoe\tictactoe.cpp(346): warning C4018: '<' : signed/unsigned mismatch
     1>c:\users\cc\documents\visual studio 2013\projects\tictactoe\tictactoe\tictactoe.cpp(361): warning C4018: '<' : signed/unsigned mismatch
     1>c:\users\cc\documents\visual studio 2013\projects\tictactoe\tictactoe\tictactoe.cpp(389): warning C4018: '<' : signed/unsigned mismatch
     1>c:\users\cc\documents\visual studio 2013\projects\tictactoe\tictactoe\tictactoe.cpp(505): warning C4244: 'argument' : conversion from 'time_t' to 'unsigned int', possible loss of data
       Link:
         C:\Program Files (x86)\Microsoft Visual Studio 12.0\VC\bin\link.exe /ERRORREPORT:PROMPT /OUT:"C:\Users\CC\Documents\Visual Studio 2013\Projects\TicTacToe\Debug\TicTacToe.exe" /INCREMENTAL /NOLOGO kernel32.lib user32.lib gdi32.lib winspool.lib comdlg32.lib advapi32.lib shell32.lib ole32.lib oleaut32.lib uuid.lib odbc32.lib odbccp32.lib /MANIFEST /MANIFESTUAC:"level='asInvoker' uiAccess='false'" /manifest:embed /DEBUG /PDB:"C:\Users\CC\Documents\Visual Studio 2013\Projects\TicTacToe\Debug\TicTacToe.pdb" /SUBSYSTEM:CONSOLE /TLBID:1 /DYNAMICBASE /NXCOMPAT /IMPLIB:"C:\Users\CC\Documents\Visual Studio 2013\Projects\TicTacToe\Debug\TicTacToe.lib" /MACHINE:X86 Debug\TicTacToe.obj
         TicTacToe.vcxproj -> C:\Users\CC\Documents\Visual Studio 2013\Projects\TicTacToe\Debug\TicTacToe.exe
     1>Done Building Project "C:\Users\CC\Documents\Visual Studio 2013\Projects\TicTacToe\TicTacToe\TicTacToe.vcxproj" (Build target(s)).

Build succeeded.

Time Elapsed 00:00:00.67
